<?xml version="1.0" encoding="UTF-8"?>
<!-- Generated by org.testng.reporters.JUnitXMLReporter -->
<testsuite hostname="DESKTOP-MUAO6HD" ignored="2" tests="1" failures="1" timestamp="09 May 2022 18:22:32 GMT" time="0.156" errors="0">
  <testcase name="tc2" time="0.047" classname="March12">
    <failure type="java.lang.AssertionError" message="expected [true] but found [false]">
      <![CDATA[java.lang.AssertionError: expected [true] but found [false]
at March12.tc2(March12.java:14)
... Removed 29 stack frames]]>
    </failure>
  </testcase> <!-- tc2 -->
  <testcase name="tc3" time="0.0" classname="March12">
    <ignored/>
  </testcase> <!-- tc3 -->
  <testcase name="tc1" time="0.0" classname="March12">
    <ignored/>
  </testcase> <!-- tc1 -->
</testsuite>
