<?xml version="1.0" encoding="UTF-8"?>
<testng-results skipped="0" failed="0" ignored="0" total="2" passed="2">
  <reporter-output>
  </reporter-output>
  <suite name="Suite" duration-ms="12490" started-at="2022-05-11T18:32:43Z" finished-at="2022-05-11T18:32:56Z">
    <groups>
    </groups>
    <test name="Test" duration-ms="16" started-at="2022-05-11T18:32:43Z" finished-at="2022-05-11T18:32:43Z">
    </test> <!-- Test -->
    <test name="chrometesting" duration-ms="6650" started-at="2022-05-11T18:32:43Z" finished-at="2022-05-11T18:32:50Z">
      <class name="link.parallelex">
        <test-method status="PASS" signature="testcase(java.lang.String)[pri:0, instance:link.parallelex@13805618]" name="testcase" duration-ms="6524" started-at="2022-05-11T18:32:43Z" finished-at="2022-05-11T18:32:50Z">
          <params>
            <param index="0">
              <value>
                <![CDATA[chrome]]>
              </value>
            </param>
          </params>
          <reporter-output>
          </reporter-output>
        </test-method> <!-- testcase -->
      </class> <!-- link.parallelex -->
    </test> <!-- chrometesting -->
    <test name="another one testing" duration-ms="5714" started-at="2022-05-11T18:32:50Z" finished-at="2022-05-11T18:32:56Z">
      <class name="link.parallelex">
        <test-method status="PASS" signature="testcase(java.lang.String)[pri:0, instance:link.parallelex@4bec1f0c]" name="testcase" duration-ms="5698" started-at="2022-05-11T18:32:50Z" finished-at="2022-05-11T18:32:56Z">
          <params>
            <param index="0">
              <value>
                <![CDATA[edge]]>
              </value>
            </param>
          </params>
          <reporter-output>
          </reporter-output>
        </test-method> <!-- testcase -->
      </class> <!-- link.parallelex -->
    </test> <!-- another one testing -->
  </suite> <!-- Suite -->
</testng-results>
